ERROR 2025-12-25 03:03:37,861 apps 9088 1252 Failed to initialize Router Manager: cannot import name 'router_monitor' from 'router_manager.services' (C:\Users\Gichaba\M-Neti\router_manager\services.py)
INFO 2025-12-25 03:39:56,428 apps 5600 10748 RouterManager services initialized
INFO 2025-12-25 03:39:57,762 apps 9436 5724 RouterManager services initialized
INFO 2025-12-25 03:40:00,254 services 9436 7120 RouterMonitor loop started
INFO 2025-12-25 03:40:00,254 services 9436 12556 RouterMonitor started with 300 second interval
ERROR 2025-12-25 03:40:00,254 services 9436 7120 Error in monitoring cycle: Cannot resolve keyword 'is_active' into field. Choices are: created_at, huawei_ont_id, id, ip_address, is_online, last_checked, name, password, port_rules, router_model, router_type, tenant, tenant_id, username, web_port
INFO 2025-12-25 03:43:41,472 apps 13876 11780 RouterManager services initialized
INFO 2025-12-25 03:43:47,628 services 13876 14264 RouterMonitor loop started
INFO 2025-12-25 03:43:47,628 services 13876 6296 RouterMonitor started with 300 second interval
INFO 2025-12-25 04:17:30,985 apps 8944 14436 RouterManager services initialized
INFO 2025-12-25 04:18:05,179 services 8944 15172 RouterMonitor loop started
INFO 2025-12-25 04:18:05,179 services 8944 9080 RouterMonitor started with 300 second interval
INFO 2025-12-25 04:25:11,311 apps 10224 11312 RouterManager services initialized
INFO 2025-12-25 04:25:21,618 services 10224 1384 RouterMonitor loop started
INFO 2025-12-25 04:25:21,618 services 10224 6784 RouterMonitor started with 300 second interval
INFO 2025-12-25 04:53:24,352 apps 10420 12588 RouterManager services initialized
INFO 2025-12-25 04:53:51,827 services 10420 7908 RouterMonitor loop started
INFO 2025-12-25 04:53:51,827 services 10420 700 RouterMonitor started with 300 second interval
INFO 2025-12-25 04:56:45,125 apps 3556 13248 RouterManager services initialized
INFO 2025-12-25 04:56:52,054 services 3556 2296 RouterMonitor loop started
INFO 2025-12-25 04:56:52,054 services 3556 988 RouterMonitor started with 300 second interval
INFO 2025-12-25 04:57:24,275 apps 14556 15332 RouterManager services initialized
INFO 2025-12-25 04:58:40,698 apps 9000 9244 RouterManager services initialized
INFO 2025-12-25 04:58:45,231 services 9000 6424 RouterMonitor loop started
INFO 2025-12-25 04:58:45,231 services 9000 10736 RouterMonitor started with 300 second interval
INFO 2025-12-25 04:59:51,413 apps 3340 4984 RouterManager services initialized
INFO 2025-12-25 04:59:56,926 services 3340 13392 RouterMonitor loop started
INFO 2025-12-25 04:59:56,926 services 3340 9280 RouterMonitor started with 300 second interval
INFO 2025-12-25 05:00:14,650 apps 3520 508 RouterManager services initialized
INFO 2025-12-25 05:03:06,237 apps 7796 14512 RouterManager services initialized
INFO 2025-12-25 05:03:16,674 services 7796 2792 RouterMonitor loop started
INFO 2025-12-25 05:03:16,674 services 7796 8828 RouterMonitor started with 300 second interval
INFO 2025-12-25 09:24:28,365 apps 3224 3648 RouterManager services initialized
INFO 2025-12-25 09:26:15,781 apps 11596 8228 RouterManager services initialized
INFO 2025-12-25 09:26:26,489 services 11596 10280 RouterMonitor loop started
INFO 2025-12-25 09:26:26,504 services 11596 12072 RouterMonitor started with 300 second interval
INFO 2025-12-25 09:30:04,076 apps 4700 13008 RouterManager services initialized
INFO 2025-12-25 09:30:05,456 apps 11776 4200 RouterManager services initialized
INFO 2025-12-25 09:30:09,107 services 11776 13804 RouterMonitor loop started
INFO 2025-12-25 09:30:09,107 services 11776 5468 RouterMonitor started with 300 second interval
INFO 2025-12-25 09:35:32,719 apps 6628 14320 RouterManager services initialized
INFO 2025-12-25 09:35:42,366 services 6628 15260 RouterMonitor loop started
INFO 2025-12-25 09:35:42,366 services 6628 3060 RouterMonitor started with 300 second interval
INFO 2025-12-25 09:37:01,656 apps 12700 7636 RouterManager services initialized
INFO 2025-12-25 09:37:03,021 apps 5232 2908 RouterManager services initialized
INFO 2025-12-25 09:37:06,141 services 5232 9432 RouterMonitor loop started
INFO 2025-12-25 09:37:06,141 services 5232 13828 RouterMonitor started with 300 second interval
INFO 2025-12-25 09:44:18,469 apps 1184 1328 RouterManager services initialized
INFO 2025-12-25 09:44:27,858 services 1184 6752 RouterMonitor loop started
INFO 2025-12-25 09:44:27,858 services 1184 14192 RouterMonitor started with 300 second interval
INFO 2025-12-25 09:57:58,567 apps 2156 8236 RouterManager services initialized
INFO 2025-12-25 09:58:07,022 services 2156 11528 RouterMonitor loop started
INFO 2025-12-25 09:58:07,022 services 2156 8336 RouterMonitor started with 300 second interval
INFO 2025-12-25 10:00:01,013 apps 6244 13916 RouterManager services initialized
INFO 2025-12-25 10:00:13,999 services 6244 14284 RouterMonitor loop started
INFO 2025-12-25 10:00:13,999 services 6244 10024 RouterMonitor started with 300 second interval
INFO 2025-12-25 11:08:00,301 apps 1716 14176 RouterManager services initialized
INFO 2025-12-25 11:08:37,094 services 1716 5448 RouterMonitor loop started
INFO 2025-12-25 11:08:37,094 services 1716 11708 RouterMonitor started with 300 second interval
INFO 2025-12-25 11:15:23,071 apps 10696 12408 RouterManager services initialized
INFO 2025-12-25 11:15:26,988 services 10696 6752 RouterMonitor loop started
INFO 2025-12-25 11:15:26,988 services 10696 10060 RouterMonitor started with 300 second interval
INFO 2025-12-25 11:16:35,852 apps 944 7832 RouterManager services initialized
INFO 2025-12-25 11:16:39,521 services 944 2964 RouterMonitor loop started
INFO 2025-12-25 11:16:39,521 services 944 15280 RouterMonitor started with 300 second interval
INFO 2025-12-25 11:17:06,909 apps 8524 10712 RouterManager services initialized
INFO 2025-12-25 11:17:47,182 apps 11504 6160 RouterManager services initialized
INFO 2025-12-25 11:18:43,121 apps 12636 9868 RouterManager services initialized
INFO 2025-12-25 11:19:08,677 apps 13096 10432 RouterManager services initialized
INFO 2025-12-25 11:19:25,079 apps 10384 11480 RouterManager services initialized
INFO 2025-12-25 11:19:42,367 apps 12556 12496 RouterManager services initialized
INFO 2025-12-25 11:20:19,835 apps 14888 13912 RouterManager services initialized
INFO 2025-12-25 11:21:10,837 apps 12500 6176 RouterManager services initialized
INFO 2025-12-25 11:21:25,646 apps 9548 10256 RouterManager services initialized
INFO 2025-12-25 11:21:28,838 services 9548 8336 RouterMonitor loop started
INFO 2025-12-25 11:21:28,838 services 9548 13748 RouterMonitor started with 300 second interval
INFO 2025-12-25 11:24:54,491 apps 6100 3340 RouterManager services initialized
INFO 2025-12-25 11:25:00,540 services 6100 15032 RouterMonitor loop started
INFO 2025-12-25 11:25:00,540 services 6100 3560 RouterMonitor started with 300 second interval
INFO 2025-12-25 11:25:40,165 apps 14524 6060 RouterManager services initialized
INFO 2025-12-25 11:25:45,899 services 14524 11728 RouterMonitor loop started
INFO 2025-12-25 11:25:45,907 services 14524 13300 RouterMonitor started with 300 second interval
INFO 2025-12-25 11:26:04,064 apps 9660 2940 RouterManager services initialized
INFO 2025-12-25 11:26:06,699 services 9660 3228 RouterMonitor loop started
INFO 2025-12-25 11:26:06,699 services 9660 15356 RouterMonitor started with 300 second interval
INFO 2025-12-25 11:26:41,628 apps 10732 12020 RouterManager services initialized
INFO 2025-12-25 11:26:44,570 services 10732 5512 RouterMonitor loop started
INFO 2025-12-25 11:26:44,570 services 10732 14252 RouterMonitor started with 300 second interval
INFO 2025-12-25 11:27:05,582 apps 11832 10084 RouterManager services initialized
INFO 2025-12-25 11:27:08,140 services 11832 8560 RouterMonitor loop started
INFO 2025-12-25 11:27:08,140 services 11832 6944 RouterMonitor started with 300 second interval
INFO 2025-12-25 11:27:25,224 apps 11588 5724 RouterManager services initialized
INFO 2025-12-25 11:27:29,103 services 11588 14428 RouterMonitor loop started
INFO 2025-12-25 11:27:29,103 services 11588 9364 RouterMonitor started with 300 second interval
INFO 2025-12-25 11:27:40,383 apps 15172 4000 RouterManager services initialized
INFO 2025-12-25 11:27:42,660 services 15172 13928 RouterMonitor loop started
INFO 2025-12-25 11:27:42,660 services 15172 12668 RouterMonitor started with 300 second interval
INFO 2025-12-25 11:27:59,129 apps 9588 12176 RouterManager services initialized
INFO 2025-12-25 11:28:02,828 services 9588 9180 RouterMonitor loop started
INFO 2025-12-25 11:28:02,828 services 9588 9820 RouterMonitor started with 300 second interval
INFO 2025-12-25 12:32:17,544 apps 13032 12060 RouterManager services initialized
INFO 2025-12-25 12:32:42,920 services 13032 5056 RouterMonitor loop started
INFO 2025-12-25 12:32:42,920 services 13032 1204 RouterMonitor started with 300 second interval
INFO 2025-12-25 12:35:49,486 apps 12220 3096 RouterManager services initialized
INFO 2025-12-25 12:36:01,859 services 12220 9820 RouterMonitor loop started
INFO 2025-12-25 12:36:01,859 services 12220 1372 RouterMonitor started with 300 second interval
INFO 2025-12-25 12:49:57,952 apps 11992 6992 RouterManager services initialized
INFO 2025-12-25 12:50:20,082 services 11992 11776 RouterMonitor loop started
INFO 2025-12-25 12:50:20,082 services 11992 10864 RouterMonitor started with 300 second interval
INFO 2025-12-25 12:56:00,584 apps 15060 8232 RouterManager services initialized
INFO 2025-12-25 12:56:03,927 services 15060 7968 RouterMonitor loop started
INFO 2025-12-25 12:56:03,927 services 15060 12884 RouterMonitor started with 300 second interval
INFO 2025-12-25 12:57:43,220 apps 12464 15160 RouterManager services initialized
INFO 2025-12-25 12:57:46,105 apps 1948 11428 RouterManager services initialized
INFO 2025-12-25 12:57:49,598 services 1948 13660 RouterMonitor loop started
INFO 2025-12-25 12:57:49,598 services 1948 13820 RouterMonitor started with 300 second interval
INFO 2025-12-25 17:59:02,202 apps 14524 5020 RouterManager services initialized
INFO 2025-12-25 17:59:30,745 services 14524 15644 RouterMonitor loop started
INFO 2025-12-25 17:59:30,749 services 14524 3552 RouterMonitor started with 300 second interval
INFO 2025-12-25 18:01:12,484 apps 12172 11040 RouterManager services initialized
INFO 2025-12-25 18:01:18,010 services 12172 11960 RouterMonitor loop started
INFO 2025-12-25 18:01:18,010 services 12172 14376 RouterMonitor started with 300 second interval
INFO 2025-12-25 18:01:32,282 apps 12496 12200 RouterManager services initialized
INFO 2025-12-25 18:01:36,495 services 12496 13432 RouterMonitor loop started
INFO 2025-12-25 18:01:36,495 services 12496 11952 RouterMonitor started with 300 second interval
INFO 2025-12-25 18:01:51,538 apps 12112 16116 RouterManager services initialized
INFO 2025-12-25 18:02:07,390 services 12112 12840 RouterMonitor loop started
INFO 2025-12-25 18:02:07,390 services 12112 15580 RouterMonitor started with 300 second interval
INFO 2025-12-25 18:03:47,381 apps 8840 11168 RouterManager services initialized
INFO 2025-12-25 18:05:14,402 apps 13504 13864 RouterManager services initialized
INFO 2025-12-25 18:05:19,966 services 13504 8432 RouterMonitor loop started
INFO 2025-12-25 18:05:19,999 services 13504 13972 RouterMonitor started with 300 second interval
INFO 2025-12-25 18:09:29,618 apps 11000 5512 RouterManager services initialized
INFO 2025-12-25 18:09:35,805 services 11000 9440 RouterMonitor loop started
INFO 2025-12-25 18:09:35,805 services 11000 5952 RouterMonitor started with 300 second interval
ERROR 2025-12-25 18:17:47,090 __init__ 11000 9120 Failed to load driver mikrotik: cannot import name 'ConnectionError' from 'librouteros.exceptions' (C:\Users\Gichaba\AppData\Local\Programs\Python\Python311\Lib\site-packages\librouteros\exceptions.py)
ERROR 2025-12-25 18:17:47,090 services 11000 9120 Failed to get driver for CloudNetworks MT001 (mikrotik): cannot import name 'ConnectionError' from 'librouteros.exceptions' (C:\Users\Gichaba\AppData\Local\Programs\Python\Python311\Lib\site-packages\librouteros\exceptions.py)
INFO 2025-12-25 19:31:56,724 apps 6140 14200 RouterManager services initialized
INFO 2025-12-25 19:32:23,102 services 6140 15688 RouterMonitor loop started
INFO 2025-12-25 19:32:23,102 services 6140 14276 RouterMonitor started with 300 second interval
ERROR 2025-12-25 19:32:25,587 services 6140 15688 Error in monitoring cycle: column router_manager_routerconfig.assigned_to_id does not exist
LINE 1: ...", "router_manager_routerconfig"."huawei_ont_id", "router_ma...
                                                             ^

INFO 2025-12-25 19:32:50,890 apps 2136 14960 RouterManager services initialized
INFO 2025-12-25 19:33:02,281 services 2136 9476 RouterMonitor loop started
INFO 2025-12-25 19:33:02,281 services 2136 9596 RouterMonitor started with 300 second interval
ERROR 2025-12-25 19:33:03,077 services 2136 9476 Error in monitoring cycle: column router_manager_routerconfig.assigned_to_id does not exist
LINE 1: ...", "router_manager_routerconfig"."huawei_ont_id", "router_ma...
                                                             ^

ERROR 2025-12-25 19:38:03,161 services 2136 9476 Error in monitoring cycle: column router_manager_routerconfig.assigned_to_id does not exist
LINE 1: ...", "router_manager_routerconfig"."huawei_ont_id", "router_ma...
                                                             ^

ERROR 2025-12-25 20:28:18,723 services 2136 9476 Error in monitoring cycle: column router_manager_routerconfig.assigned_to_id does not exist
LINE 1: ...", "router_manager_routerconfig"."huawei_ont_id", "router_ma...
                                                             ^

INFO 2025-12-25 20:30:58,623 apps 15732 5388 RouterManager services initialized
INFO 2025-12-25 20:31:45,542 services 15732 6272 RouterMonitor loop started
INFO 2025-12-25 20:31:45,542 services 15732 13120 RouterMonitor started with 300 second interval
ERROR 2025-12-25 20:31:53,507 services 15732 6272 Error in monitoring cycle: column router_manager_routerconfig.assigned_to_id does not exist
LINE 1: ...", "router_manager_routerconfig"."huawei_ont_id", "router_ma...
                                                             ^

INFO 2025-12-25 20:33:04,416 apps 15992 15108 RouterManager services initialized
INFO 2025-12-25 20:33:15,538 services 15992 12636 RouterMonitor loop started
INFO 2025-12-25 20:33:15,538 services 15992 7220 RouterMonitor started with 300 second interval
ERROR 2025-12-25 20:33:19,076 services 15992 12636 Error in monitoring cycle: column router_manager_routerconfig.assigned_to_id does not exist
LINE 1: ...", "router_manager_routerconfig"."huawei_ont_id", "router_ma...
                                                             ^

INFO 2025-12-25 20:37:49,098 apps 11764 15400 RouterManager services initialized
INFO 2025-12-25 20:38:38,081 apps 14004 10084 RouterManager services initialized
INFO 2025-12-25 20:38:40,735 services 14004 8304 RouterMonitor loop started
INFO 2025-12-25 20:38:40,735 services 14004 13988 RouterMonitor started with 300 second interval
ERROR 2025-12-25 20:38:41,513 services 14004 8304 Error in monitoring cycle: column router_manager_routerconfig.assigned_to_id does not exist
LINE 1: ...", "router_manager_routerconfig"."huawei_ont_id", "router_ma...
                                                             ^

INFO 2025-12-25 20:58:04,783 apps 16004 9028 RouterManager services initialized
INFO 2025-12-25 20:58:06,524 apps 4904 16212 RouterManager services initialized
INFO 2025-12-25 20:58:11,308 services 4904 2004 RouterMonitor loop started
INFO 2025-12-25 20:58:11,308 services 4904 15112 RouterMonitor started with 300 second interval
INFO 2025-12-25 21:10:18,536 apps 15764 4308 RouterManager services initialized
INFO 2025-12-25 21:10:29,155 services 15764 6492 RouterMonitor loop started
INFO 2025-12-25 21:10:29,155 services 15764 7740 RouterMonitor started with 300 second interval
INFO 2025-12-25 21:38:36,729 apps 3088 7812 RouterManager services initialized
INFO 2025-12-25 21:39:09,983 services 3088 9432 RouterMonitor loop started
INFO 2025-12-25 21:39:09,999 services 3088 13092 RouterMonitor started with 300 second interval
INFO 2025-12-25 21:40:41,526 apps 14040 10616 RouterManager services initialized
INFO 2025-12-25 21:40:44,492 services 14040 8060 RouterMonitor loop started
INFO 2025-12-25 21:40:44,492 services 14040 2536 RouterMonitor started with 300 second interval
INFO 2025-12-25 21:48:16,443 apps 15452 5280 RouterManager services initialized
INFO 2025-12-25 21:48:23,829 services 15452 9904 RouterMonitor loop started
INFO 2025-12-25 21:48:23,829 services 15452 4660 RouterMonitor started with 300 second interval
INFO 2025-12-25 21:53:41,721 apps 14904 11368 RouterManager services initialized
INFO 2025-12-25 21:53:50,892 services 14904 6292 RouterMonitor loop started
INFO 2025-12-25 21:53:50,892 services 14904 14684 RouterMonitor started with 300 second interval
INFO 2025-12-25 22:00:37,326 apps 7968 5492 RouterManager services initialized
INFO 2025-12-25 22:00:45,732 services 7968 10872 RouterMonitor loop started
INFO 2025-12-25 22:00:45,732 services 7968 13340 RouterMonitor started with 300 second interval
INFO 2025-12-25 22:01:54,793 apps 2588 11172 RouterManager services initialized
INFO 2025-12-25 22:02:06,380 services 2588 8060 RouterMonitor loop started
INFO 2025-12-25 22:02:06,380 services 2588 8892 RouterMonitor started with 300 second interval
